<?xml version="1.0" encoding="UTF-8"?>
<testsuite xmlns:xsi="http://www.w3.org/2001/XMLSchema-instance" xsi:noNamespaceSchemaLocation="https://maven.apache.org/surefire/maven-surefire-plugin/xsd/surefire-test-report-3.0.xsd" version="3.0" name="CalculatorTest" time="0.049" tests="11" errors="0" skipped="0" failures="0">
  <properties>
[...]
</properties>
  <testcase name="testAddNumber2Negative" classname="CalculatorTest" time="0.021"/>
  <testcase name="testMultiplyNumber1Negative" classname="CalculatorTest" time="0.001"/>
  <testcase name="testDivideByZero" classname="CalculatorTest" time="0.0"/>
  <testcase name="testSubtractNumber2GreaterThanNumber1" classname="CalculatorTest" time="0.0"/>
  <testcase name="testSubtractFromZero" classname="CalculatorTest" time="0.0"/>
  <testcase name="testAddNumber1Negative" classname="CalculatorTest" time="0.0"/>
  <testcase name="testAddNumber1Zero" classname="CalculatorTest" time="0.001"/>
  <testcase name="testAddNumber2Zero" classname="CalculatorTest" time="0.001"/>
  <testcase name="testDivideFromZero" classname="CalculatorTest" time="0.001"/>
  <testcase name="testMultiplyNumber2Negative" classname="CalculatorTest" time="0.001"/>
  <testcase name="testSubtractZero" classname="CalculatorTest" time="0.0"/>
</testsuite>